2014/09/04 14:28:47 [error] [exception.CHttpException.404] exception 'CHttpException' with message 'Unable to resolve the request "css/font-awesome.min.css".' in /var/www/yii/framework/web/CWebApplication.php:286
Stack trace:
#0 /var/www/yii/framework/web/CWebApplication.php(141): CWebApplication->runController('css/font-awesom...')
#1 /var/www/yii/framework/base/CApplication.php(180): CWebApplication->processRequest()
#2 /var/www/yii/index.php(26): CApplication->run()
#3 {main}
REQUEST_URI=/css/font-awesome.min.css
HTTP_REFERER=http://yii_cola/site/book
---
2014/09/04 14:28:47 [error] [exception.CHttpException.404] exception 'CHttpException' with message 'Unable to resolve the request "js/bootstrap.min.js".' in /var/www/yii/framework/web/CWebApplication.php:286
Stack trace:
#0 /var/www/yii/framework/web/CWebApplication.php(141): CWebApplication->runController('js/bootstrap.mi...')
#1 /var/www/yii/framework/base/CApplication.php(180): CWebApplication->processRequest()
#2 /var/www/yii/index.php(26): CApplication->run()
#3 {main}
REQUEST_URI=/js/bootstrap.min.js
HTTP_REFERER=http://yii_cola/site/book
---
2014/09/04 14:28:47 [error] [exception.CHttpException.404] exception 'CHttpException' with message 'The system is unable to find the requested action "js".' in /var/www/yii/framework/web/CController.php:483
Stack trace:
#0 /var/www/yii/framework/web/CController.php(270): CController->missingAction('js')
#1 /var/www/yii/framework/web/CWebApplication.php(282): CController->run('js')
#2 /var/www/yii/framework/web/CWebApplication.php(141): CWebApplication->runController('site/js/AdminLT...')
#3 /var/www/yii/framework/base/CApplication.php(180): CWebApplication->processRequest()
#4 /var/www/yii/index.php(26): CApplication->run()
#5 {main}
REQUEST_URI=/site/js/AdminLTE/demo.js
HTTP_REFERER=http://yii_cola/site/book
---
2014/09/04 14:28:47 [error] [exception.CHttpException.404] exception 'CHttpException' with message 'Unable to resolve the request "css/ionicons.min.css".' in /var/www/yii/framework/web/CWebApplication.php:286
Stack trace:
#0 /var/www/yii/framework/web/CWebApplication.php(141): CWebApplication->runController('css/ionicons.mi...')
#1 /var/www/yii/framework/base/CApplication.php(180): CWebApplication->processRequest()
#2 /var/www/yii/index.php(26): CApplication->run()
#3 {main}
REQUEST_URI=/css/ionicons.min.css
HTTP_REFERER=http://yii_cola/site/book
---
2014/09/04 14:28:47 [error] [exception.CHttpException.404] exception 'CHttpException' with message 'Unable to resolve the request "js/AdminLTE/app.js".' in /var/www/yii/framework/web/CWebApplication.php:286
Stack trace:
#0 /var/www/yii/framework/web/CWebApplication.php(141): CWebApplication->runController('js/AdminLTE/app...')
#1 /var/www/yii/framework/base/CApplication.php(180): CWebApplication->processRequest()
#2 /var/www/yii/index.php(26): CApplication->run()
#3 {main}
REQUEST_URI=/js/AdminLTE/app.js
HTTP_REFERER=http://yii_cola/site/book
---
2014/09/04 14:28:47 [error] [exception.CHttpException.404] exception 'CHttpException' with message 'Unable to resolve the request "css/AdminLTE.css".' in /var/www/yii/framework/web/CWebApplication.php:286
Stack trace:
#0 /var/www/yii/framework/web/CWebApplication.php(141): CWebApplication->runController('css/AdminLTE.cs...')
#1 /var/www/yii/framework/base/CApplication.php(180): CWebApplication->processRequest()
#2 /var/www/yii/index.php(26): CApplication->run()
#3 {main}
REQUEST_URI=/css/AdminLTE.css
HTTP_REFERER=http://yii_cola/site/book
---
2014/09/04 14:28:49 [error] [exception.CHttpException.404] exception 'CHttpException' with message 'Unable to resolve the request "js/bootstrap.min.js".' in /var/www/yii/framework/web/CWebApplication.php:286
Stack trace:
#0 /var/www/yii/framework/web/CWebApplication.php(141): CWebApplication->runController('js/bootstrap.mi...')
#1 /var/www/yii/framework/base/CApplication.php(180): CWebApplication->processRequest()
#2 /var/www/yii/index.php(26): CApplication->run()
#3 {main}
REQUEST_URI=/js/bootstrap.min.js
HTTP_REFERER=http://yii_cola/site/book
---
2014/09/04 14:28:49 [error] [exception.CHttpException.404] exception 'CHttpException' with message 'Unable to resolve the request "js/AdminLTE/app.js".' in /var/www/yii/framework/web/CWebApplication.php:286
Stack trace:
#0 /var/www/yii/framework/web/CWebApplication.php(141): CWebApplication->runController('js/AdminLTE/app...')
#1 /var/www/yii/framework/base/CApplication.php(180): CWebApplication->processRequest()
#2 /var/www/yii/index.php(26): CApplication->run()
#3 {main}
REQUEST_URI=/js/AdminLTE/app.js
HTTP_REFERER=http://yii_cola/site/book
---
2014/09/04 14:28:49 [error] [exception.CHttpException.404] exception 'CHttpException' with message 'The system is unable to find the requested action "js".' in /var/www/yii/framework/web/CController.php:483
Stack trace:
#0 /var/www/yii/framework/web/CController.php(270): CController->missingAction('js')
#1 /var/www/yii/framework/web/CWebApplication.php(282): CController->run('js')
#2 /var/www/yii/framework/web/CWebApplication.php(141): CWebApplication->runController('site/js/AdminLT...')
#3 /var/www/yii/framework/base/CApplication.php(180): CWebApplication->processRequest()
#4 /var/www/yii/index.php(26): CApplication->run()
#5 {main}
REQUEST_URI=/site/js/AdminLTE/demo.js
HTTP_REFERER=http://yii_cola/site/book
---
2014/09/04 14:28:55 [error] [exception.CHttpException.404] exception 'CHttpException' with message 'Unable to resolve the request "css/ionicons.min.css".' in /var/www/yii/framework/web/CWebApplication.php:286
Stack trace:
#0 /var/www/yii/framework/web/CWebApplication.php(141): CWebApplication->runController('css/ionicons.mi...')
#1 /var/www/yii/framework/base/CApplication.php(180): CWebApplication->processRequest()
#2 /var/www/yii/index.php(26): CApplication->run()
#3 {main}
REQUEST_URI=/css/ionicons.min.css
HTTP_REFERER=http://yii_cola/site/book
---
2014/09/04 14:28:55 [error] [exception.CHttpException.404] exception 'CHttpException' with message 'Unable to resolve the request "js/bootstrap.min.js".' in /var/www/yii/framework/web/CWebApplication.php:286
Stack trace:
#0 /var/www/yii/framework/web/CWebApplication.php(141): CWebApplication->runController('js/bootstrap.mi...')
#1 /var/www/yii/framework/base/CApplication.php(180): CWebApplication->processRequest()
#2 /var/www/yii/index.php(26): CApplication->run()
#3 {main}
REQUEST_URI=/js/bootstrap.min.js
HTTP_REFERER=http://yii_cola/site/book
---
2014/09/04 14:28:55 [error] [exception.CHttpException.404] exception 'CHttpException' with message 'The system is unable to find the requested action "js".' in /var/www/yii/framework/web/CController.php:483
Stack trace:
#0 /var/www/yii/framework/web/CController.php(270): CController->missingAction('js')
#1 /var/www/yii/framework/web/CWebApplication.php(282): CController->run('js')
#2 /var/www/yii/framework/web/CWebApplication.php(141): CWebApplication->runController('site/js/AdminLT...')
#3 /var/www/yii/framework/base/CApplication.php(180): CWebApplication->processRequest()
#4 /var/www/yii/index.php(26): CApplication->run()
#5 {main}
REQUEST_URI=/site/js/AdminLTE/demo.js
HTTP_REFERER=http://yii_cola/site/book
---
2014/09/04 14:28:55 [error] [exception.CHttpException.404] exception 'CHttpException' with message 'Unable to resolve the request "js/AdminLTE/app.js".' in /var/www/yii/framework/web/CWebApplication.php:286
Stack trace:
#0 /var/www/yii/framework/web/CWebApplication.php(141): CWebApplication->runController('js/AdminLTE/app...')
#1 /var/www/yii/framework/base/CApplication.php(180): CWebApplication->processRequest()
#2 /var/www/yii/index.php(26): CApplication->run()
#3 {main}
REQUEST_URI=/js/AdminLTE/app.js
HTTP_REFERER=http://yii_cola/site/book
---
2014/09/04 14:28:55 [error] [exception.CHttpException.404] exception 'CHttpException' with message 'Unable to resolve the request "css/AdminLTE.css".' in /var/www/yii/framework/web/CWebApplication.php:286
Stack trace:
#0 /var/www/yii/framework/web/CWebApplication.php(141): CWebApplication->runController('css/AdminLTE.cs...')
#1 /var/www/yii/framework/base/CApplication.php(180): CWebApplication->processRequest()
#2 /var/www/yii/index.php(26): CApplication->run()
#3 {main}
REQUEST_URI=/css/AdminLTE.css
HTTP_REFERER=http://yii_cola/site/book
---
2014/09/04 14:28:55 [error] [exception.CHttpException.404] exception 'CHttpException' with message 'Unable to resolve the request "css/font-awesome.min.css".' in /var/www/yii/framework/web/CWebApplication.php:286
Stack trace:
#0 /var/www/yii/framework/web/CWebApplication.php(141): CWebApplication->runController('css/font-awesom...')
#1 /var/www/yii/framework/base/CApplication.php(180): CWebApplication->processRequest()
#2 /var/www/yii/index.php(26): CApplication->run()
#3 {main}
REQUEST_URI=/css/font-awesome.min.css
HTTP_REFERER=http://yii_cola/site/book
---
2014/09/04 14:28:57 [error] [exception.CHttpException.404] exception 'CHttpException' with message 'Unable to resolve the request "js/bootstrap.min.js".' in /var/www/yii/framework/web/CWebApplication.php:286
Stack trace:
#0 /var/www/yii/framework/web/CWebApplication.php(141): CWebApplication->runController('js/bootstrap.mi...')
#1 /var/www/yii/framework/base/CApplication.php(180): CWebApplication->processRequest()
#2 /var/www/yii/index.php(26): CApplication->run()
#3 {main}
REQUEST_URI=/js/bootstrap.min.js
HTTP_REFERER=http://yii_cola/site/book
---
2014/09/04 14:28:57 [error] [exception.CHttpException.404] exception 'CHttpException' with message 'Unable to resolve the request "js/AdminLTE/app.js".' in /var/www/yii/framework/web/CWebApplication.php:286
Stack trace:
#0 /var/www/yii/framework/web/CWebApplication.php(141): CWebApplication->runController('js/AdminLTE/app...')
#1 /var/www/yii/framework/base/CApplication.php(180): CWebApplication->processRequest()
#2 /var/www/yii/index.php(26): CApplication->run()
#3 {main}
REQUEST_URI=/js/AdminLTE/app.js
HTTP_REFERER=http://yii_cola/site/book
---
2014/09/04 14:28:57 [error] [exception.CHttpException.404] exception 'CHttpException' with message 'The system is unable to find the requested action "js".' in /var/www/yii/framework/web/CController.php:483
Stack trace:
#0 /var/www/yii/framework/web/CController.php(270): CController->missingAction('js')
#1 /var/www/yii/framework/web/CWebApplication.php(282): CController->run('js')
#2 /var/www/yii/framework/web/CWebApplication.php(141): CWebApplication->runController('site/js/AdminLT...')
#3 /var/www/yii/framework/base/CApplication.php(180): CWebApplication->processRequest()
#4 /var/www/yii/index.php(26): CApplication->run()
#5 {main}
REQUEST_URI=/site/js/AdminLTE/demo.js
HTTP_REFERER=http://yii_cola/site/book
---
2014/09/04 14:29:02 [error] [exception.CHttpException.404] exception 'CHttpException' with message 'Unable to resolve the request "css/font-awesome.min.css".' in /var/www/yii/framework/web/CWebApplication.php:286
Stack trace:
#0 /var/www/yii/framework/web/CWebApplication.php(141): CWebApplication->runController('css/font-awesom...')
#1 /var/www/yii/framework/base/CApplication.php(180): CWebApplication->processRequest()
#2 /var/www/yii/index.php(26): CApplication->run()
#3 {main}
REQUEST_URI=/css/font-awesome.min.css
HTTP_REFERER=http://yii_cola/
---
2014/09/04 14:29:02 [error] [exception.CHttpException.404] exception 'CHttpException' with message 'Unable to resolve the request "js/bootstrap.min.js".' in /var/www/yii/framework/web/CWebApplication.php:286
Stack trace:
#0 /var/www/yii/framework/web/CWebApplication.php(141): CWebApplication->runController('js/bootstrap.mi...')
#1 /var/www/yii/framework/base/CApplication.php(180): CWebApplication->processRequest()
#2 /var/www/yii/index.php(26): CApplication->run()
#3 {main}
REQUEST_URI=/js/bootstrap.min.js
HTTP_REFERER=http://yii_cola/
---
2014/09/04 14:29:02 [error] [exception.CHttpException.404] exception 'CHttpException' with message 'Unable to resolve the request "css/AdminLTE.css".' in /var/www/yii/framework/web/CWebApplication.php:286
Stack trace:
#0 /var/www/yii/framework/web/CWebApplication.php(141): CWebApplication->runController('css/AdminLTE.cs...')
#1 /var/www/yii/framework/base/CApplication.php(180): CWebApplication->processRequest()
#2 /var/www/yii/index.php(26): CApplication->run()
#3 {main}
REQUEST_URI=/css/AdminLTE.css
HTTP_REFERER=http://yii_cola/
---
2014/09/04 14:29:02 [error] [exception.CHttpException.404] exception 'CHttpException' with message 'Unable to resolve the request "js/AdminLTE/app.js".' in /var/www/yii/framework/web/CWebApplication.php:286
Stack trace:
#0 /var/www/yii/framework/web/CWebApplication.php(141): CWebApplication->runController('js/AdminLTE/app...')
#1 /var/www/yii/framework/base/CApplication.php(180): CWebApplication->processRequest()
#2 /var/www/yii/index.php(26): CApplication->run()
#3 {main}
REQUEST_URI=/js/AdminLTE/app.js
HTTP_REFERER=http://yii_cola/
---
2014/09/04 14:29:02 [error] [exception.CHttpException.404] exception 'CHttpException' with message 'Unable to resolve the request "js/AdminLTE/demo.js".' in /var/www/yii/framework/web/CWebApplication.php:286
Stack trace:
#0 /var/www/yii/framework/web/CWebApplication.php(141): CWebApplication->runController('js/AdminLTE/dem...')
#1 /var/www/yii/framework/base/CApplication.php(180): CWebApplication->processRequest()
#2 /var/www/yii/index.php(26): CApplication->run()
#3 {main}
REQUEST_URI=/js/AdminLTE/demo.js
HTTP_REFERER=http://yii_cola/
---
2014/09/04 14:29:02 [error] [exception.CHttpException.404] exception 'CHttpException' with message 'Unable to resolve the request "css/ionicons.min.css".' in /var/www/yii/framework/web/CWebApplication.php:286
Stack trace:
#0 /var/www/yii/framework/web/CWebApplication.php(141): CWebApplication->runController('css/ionicons.mi...')
#1 /var/www/yii/framework/base/CApplication.php(180): CWebApplication->processRequest()
#2 /var/www/yii/index.php(26): CApplication->run()
#3 {main}
REQUEST_URI=/css/ionicons.min.css
HTTP_REFERER=http://yii_cola/
---
2014/09/04 14:29:03 [error] [exception.CHttpException.404] exception 'CHttpException' with message 'Unable to resolve the request "js/bootstrap.min.js".' in /var/www/yii/framework/web/CWebApplication.php:286
Stack trace:
#0 /var/www/yii/framework/web/CWebApplication.php(141): CWebApplication->runController('js/bootstrap.mi...')
#1 /var/www/yii/framework/base/CApplication.php(180): CWebApplication->processRequest()
#2 /var/www/yii/index.php(26): CApplication->run()
#3 {main}
REQUEST_URI=/js/bootstrap.min.js
HTTP_REFERER=http://yii_cola/
---
2014/09/04 14:29:04 [error] [exception.CHttpException.404] exception 'CHttpException' with message 'Unable to resolve the request "js/AdminLTE/app.js".' in /var/www/yii/framework/web/CWebApplication.php:286
Stack trace:
#0 /var/www/yii/framework/web/CWebApplication.php(141): CWebApplication->runController('js/AdminLTE/app...')
#1 /var/www/yii/framework/base/CApplication.php(180): CWebApplication->processRequest()
#2 /var/www/yii/index.php(26): CApplication->run()
#3 {main}
REQUEST_URI=/js/AdminLTE/app.js
HTTP_REFERER=http://yii_cola/
---
2014/09/04 14:29:04 [error] [exception.CHttpException.404] exception 'CHttpException' with message 'Unable to resolve the request "js/AdminLTE/demo.js".' in /var/www/yii/framework/web/CWebApplication.php:286
Stack trace:
#0 /var/www/yii/framework/web/CWebApplication.php(141): CWebApplication->runController('js/AdminLTE/dem...')
#1 /var/www/yii/framework/base/CApplication.php(180): CWebApplication->processRequest()
#2 /var/www/yii/index.php(26): CApplication->run()
#3 {main}
REQUEST_URI=/js/AdminLTE/demo.js
HTTP_REFERER=http://yii_cola/
---
2014/09/04 14:29:05 [error] [exception.CHttpException.404] exception 'CHttpException' with message 'Unable to resolve the request "css/font-awesome.min.css".' in /var/www/yii/framework/web/CWebApplication.php:286
Stack trace:
#0 /var/www/yii/framework/web/CWebApplication.php(141): CWebApplication->runController('css/font-awesom...')
#1 /var/www/yii/framework/base/CApplication.php(180): CWebApplication->processRequest()
#2 /var/www/yii/index.php(26): CApplication->run()
#3 {main}
REQUEST_URI=/css/font-awesome.min.css
HTTP_REFERER=http://yii_cola/site/book
---
2014/09/04 14:29:05 [error] [exception.CHttpException.404] exception 'CHttpException' with message 'Unable to resolve the request "css/ionicons.min.css".' in /var/www/yii/framework/web/CWebApplication.php:286
Stack trace:
#0 /var/www/yii/framework/web/CWebApplication.php(141): CWebApplication->runController('css/ionicons.mi...')
#1 /var/www/yii/framework/base/CApplication.php(180): CWebApplication->processRequest()
#2 /var/www/yii/index.php(26): CApplication->run()
#3 {main}
REQUEST_URI=/css/ionicons.min.css
HTTP_REFERER=http://yii_cola/site/book
---
2014/09/04 14:29:05 [error] [exception.CHttpException.404] exception 'CHttpException' with message 'The system is unable to find the requested action "js".' in /var/www/yii/framework/web/CController.php:483
Stack trace:
#0 /var/www/yii/framework/web/CController.php(270): CController->missingAction('js')
#1 /var/www/yii/framework/web/CWebApplication.php(282): CController->run('js')
#2 /var/www/yii/framework/web/CWebApplication.php(141): CWebApplication->runController('site/js/AdminLT...')
#3 /var/www/yii/framework/base/CApplication.php(180): CWebApplication->processRequest()
#4 /var/www/yii/index.php(26): CApplication->run()
#5 {main}
REQUEST_URI=/site/js/AdminLTE/demo.js
HTTP_REFERER=http://yii_cola/site/book
---
2014/09/04 14:29:05 [error] [exception.CHttpException.404] exception 'CHttpException' with message 'Unable to resolve the request "js/AdminLTE/app.js".' in /var/www/yii/framework/web/CWebApplication.php:286
Stack trace:
#0 /var/www/yii/framework/web/CWebApplication.php(141): CWebApplication->runController('js/AdminLTE/app...')
#1 /var/www/yii/framework/base/CApplication.php(180): CWebApplication->processRequest()
#2 /var/www/yii/index.php(26): CApplication->run()
#3 {main}
REQUEST_URI=/js/AdminLTE/app.js
HTTP_REFERER=http://yii_cola/site/book
---
2014/09/04 14:29:05 [error] [exception.CHttpException.404] exception 'CHttpException' with message 'Unable to resolve the request "js/bootstrap.min.js".' in /var/www/yii/framework/web/CWebApplication.php:286
Stack trace:
#0 /var/www/yii/framework/web/CWebApplication.php(141): CWebApplication->runController('js/bootstrap.mi...')
#1 /var/www/yii/framework/base/CApplication.php(180): CWebApplication->processRequest()
#2 /var/www/yii/index.php(26): CApplication->run()
#3 {main}
REQUEST_URI=/js/bootstrap.min.js
HTTP_REFERER=http://yii_cola/site/book
---
2014/09/04 14:29:05 [error] [exception.CHttpException.404] exception 'CHttpException' with message 'Unable to resolve the request "css/AdminLTE.css".' in /var/www/yii/framework/web/CWebApplication.php:286
Stack trace:
#0 /var/www/yii/framework/web/CWebApplication.php(141): CWebApplication->runController('css/AdminLTE.cs...')
#1 /var/www/yii/framework/base/CApplication.php(180): CWebApplication->processRequest()
#2 /var/www/yii/index.php(26): CApplication->run()
#3 {main}
REQUEST_URI=/css/AdminLTE.css
HTTP_REFERER=http://yii_cola/site/book
---
2014/09/04 14:29:07 [error] [exception.CHttpException.404] exception 'CHttpException' with message 'Unable to resolve the request "js/bootstrap.min.js".' in /var/www/yii/framework/web/CWebApplication.php:286
Stack trace:
#0 /var/www/yii/framework/web/CWebApplication.php(141): CWebApplication->runController('js/bootstrap.mi...')
#1 /var/www/yii/framework/base/CApplication.php(180): CWebApplication->processRequest()
#2 /var/www/yii/index.php(26): CApplication->run()
#3 {main}
REQUEST_URI=/js/bootstrap.min.js
HTTP_REFERER=http://yii_cola/site/book
---
2014/09/04 14:29:07 [error] [exception.CHttpException.404] exception 'CHttpException' with message 'Unable to resolve the request "js/AdminLTE/app.js".' in /var/www/yii/framework/web/CWebApplication.php:286
Stack trace:
#0 /var/www/yii/framework/web/CWebApplication.php(141): CWebApplication->runController('js/AdminLTE/app...')
#1 /var/www/yii/framework/base/CApplication.php(180): CWebApplication->processRequest()
#2 /var/www/yii/index.php(26): CApplication->run()
#3 {main}
REQUEST_URI=/js/AdminLTE/app.js
HTTP_REFERER=http://yii_cola/site/book
---
2014/09/04 14:29:07 [error] [exception.CHttpException.404] exception 'CHttpException' with message 'The system is unable to find the requested action "js".' in /var/www/yii/framework/web/CController.php:483
Stack trace:
#0 /var/www/yii/framework/web/CController.php(270): CController->missingAction('js')
#1 /var/www/yii/framework/web/CWebApplication.php(282): CController->run('js')
#2 /var/www/yii/framework/web/CWebApplication.php(141): CWebApplication->runController('site/js/AdminLT...')
#3 /var/www/yii/framework/base/CApplication.php(180): CWebApplication->processRequest()
#4 /var/www/yii/index.php(26): CApplication->run()
#5 {main}
REQUEST_URI=/site/js/AdminLTE/demo.js
HTTP_REFERER=http://yii_cola/site/book
---
2014/09/04 14:29:19 [error] [exception.CException] exception 'CException' with message 'SiteController cannot find the requested view "books".' in /var/www/yii/framework/web/CController.php:878
Stack trace:
#0 /var/www/yii/framework/web/CController.php(782): CController->renderPartial('books', NULL, true)
#1 /var/www/yii/protected/controllers/SiteController.php(20): CController->render('books')
#2 /var/www/yii/framework/web/actions/CInlineAction.php(49): SiteController->actionBook()
#3 /var/www/yii/framework/web/CController.php(308): CInlineAction->runWithParams(Array)
#4 /var/www/yii/framework/web/CController.php(286): CController->runAction(Object(CInlineAction))
#5 /var/www/yii/framework/web/CController.php(265): CController->runActionWithFilters(Object(CInlineAction), Array)
#6 /var/www/yii/framework/web/CWebApplication.php(282): CController->run('book')
#7 /var/www/yii/framework/web/CWebApplication.php(141): CWebApplication->runController('site/book')
#8 /var/www/yii/framework/base/CApplication.php(180): CWebApplication->processRequest()
#9 /var/www/yii/index.php(26): CApplication->run()
#10 {main}
REQUEST_URI=/site/book
---
2014/09/04 14:29:20 [error] [exception.CHttpException.404] exception 'CHttpException' with message 'Unable to resolve the request "css/font-awesome.min.css".' in /var/www/yii/framework/web/CWebApplication.php:286
Stack trace:
#0 /var/www/yii/framework/web/CWebApplication.php(141): CWebApplication->runController('css/font-awesom...')
#1 /var/www/yii/framework/base/CApplication.php(180): CWebApplication->processRequest()
#2 /var/www/yii/index.php(26): CApplication->run()
#3 {main}
REQUEST_URI=/css/font-awesome.min.css
HTTP_REFERER=http://yii_cola/site/book
---
2014/09/04 14:29:20 [error] [exception.CHttpException.404] exception 'CHttpException' with message 'Unable to resolve the request "css/AdminLTE.css".' in /var/www/yii/framework/web/CWebApplication.php:286
Stack trace:
#0 /var/www/yii/framework/web/CWebApplication.php(141): CWebApplication->runController('css/AdminLTE.cs...')
#1 /var/www/yii/framework/base/CApplication.php(180): CWebApplication->processRequest()
#2 /var/www/yii/index.php(26): CApplication->run()
#3 {main}
REQUEST_URI=/css/AdminLTE.css
HTTP_REFERER=http://yii_cola/site/book
---
2014/09/04 14:29:20 [error] [exception.CHttpException.404] exception 'CHttpException' with message 'Unable to resolve the request "js/AdminLTE/app.js".' in /var/www/yii/framework/web/CWebApplication.php:286
Stack trace:
#0 /var/www/yii/framework/web/CWebApplication.php(141): CWebApplication->runController('js/AdminLTE/app...')
#1 /var/www/yii/framework/base/CApplication.php(180): CWebApplication->processRequest()
#2 /var/www/yii/index.php(26): CApplication->run()
#3 {main}
REQUEST_URI=/js/AdminLTE/app.js
HTTP_REFERER=http://yii_cola/site/book
---
2014/09/04 14:29:20 [error] [exception.CHttpException.404] exception 'CHttpException' with message 'The system is unable to find the requested action "js".' in /var/www/yii/framework/web/CController.php:483
Stack trace:
#0 /var/www/yii/framework/web/CController.php(270): CController->missingAction('js')
#1 /var/www/yii/framework/web/CWebApplication.php(282): CController->run('js')
#2 /var/www/yii/framework/web/CWebApplication.php(141): CWebApplication->runController('site/js/AdminLT...')
#3 /var/www/yii/framework/base/CApplication.php(180): CWebApplication->processRequest()
#4 /var/www/yii/index.php(26): CApplication->run()
#5 {main}
REQUEST_URI=/site/js/AdminLTE/demo.js
HTTP_REFERER=http://yii_cola/site/book
---
2014/09/04 14:29:20 [error] [exception.CHttpException.404] exception 'CHttpException' with message 'Unable to resolve the request "js/bootstrap.min.js".' in /var/www/yii/framework/web/CWebApplication.php:286
Stack trace:
#0 /var/www/yii/framework/web/CWebApplication.php(141): CWebApplication->runController('js/bootstrap.mi...')
#1 /var/www/yii/framework/base/CApplication.php(180): CWebApplication->processRequest()
#2 /var/www/yii/index.php(26): CApplication->run()
#3 {main}
REQUEST_URI=/js/bootstrap.min.js
HTTP_REFERER=http://yii_cola/site/book
---
2014/09/04 14:29:20 [error] [exception.CHttpException.404] exception 'CHttpException' with message 'Unable to resolve the request "css/ionicons.min.css".' in /var/www/yii/framework/web/CWebApplication.php:286
Stack trace:
#0 /var/www/yii/framework/web/CWebApplication.php(141): CWebApplication->runController('css/ionicons.mi...')
#1 /var/www/yii/framework/base/CApplication.php(180): CWebApplication->processRequest()
#2 /var/www/yii/index.php(26): CApplication->run()
#3 {main}
REQUEST_URI=/css/ionicons.min.css
HTTP_REFERER=http://yii_cola/site/book
---
2014/09/04 14:29:21 [error] [exception.CHttpException.404] exception 'CHttpException' with message 'Unable to resolve the request "js/bootstrap.min.js".' in /var/www/yii/framework/web/CWebApplication.php:286
Stack trace:
#0 /var/www/yii/framework/web/CWebApplication.php(141): CWebApplication->runController('js/bootstrap.mi...')
#1 /var/www/yii/framework/base/CApplication.php(180): CWebApplication->processRequest()
#2 /var/www/yii/index.php(26): CApplication->run()
#3 {main}
REQUEST_URI=/js/bootstrap.min.js
HTTP_REFERER=http://yii_cola/site/book
---
2014/09/04 14:29:22 [error] [exception.CHttpException.404] exception 'CHttpException' with message 'Unable to resolve the request "js/AdminLTE/app.js".' in /var/www/yii/framework/web/CWebApplication.php:286
Stack trace:
#0 /var/www/yii/framework/web/CWebApplication.php(141): CWebApplication->runController('js/AdminLTE/app...')
#1 /var/www/yii/framework/base/CApplication.php(180): CWebApplication->processRequest()
#2 /var/www/yii/index.php(26): CApplication->run()
#3 {main}
REQUEST_URI=/js/AdminLTE/app.js
HTTP_REFERER=http://yii_cola/site/book
---
2014/09/04 14:29:22 [error] [exception.CHttpException.404] exception 'CHttpException' with message 'The system is unable to find the requested action "js".' in /var/www/yii/framework/web/CController.php:483
Stack trace:
#0 /var/www/yii/framework/web/CController.php(270): CController->missingAction('js')
#1 /var/www/yii/framework/web/CWebApplication.php(282): CController->run('js')
#2 /var/www/yii/framework/web/CWebApplication.php(141): CWebApplication->runController('site/js/AdminLT...')
#3 /var/www/yii/framework/base/CApplication.php(180): CWebApplication->processRequest()
#4 /var/www/yii/index.php(26): CApplication->run()
#5 {main}
REQUEST_URI=/site/js/AdminLTE/demo.js
HTTP_REFERER=http://yii_cola/site/book
---
2014/09/04 14:29:42 [error] [exception.CHttpException.404] exception 'CHttpException' with message 'Unable to resolve the request "css/font-awesome.min.css".' in /var/www/yii/framework/web/CWebApplication.php:286
Stack trace:
#0 /var/www/yii/framework/web/CWebApplication.php(141): CWebApplication->runController('css/font-awesom...')
#1 /var/www/yii/framework/base/CApplication.php(180): CWebApplication->processRequest()
#2 /var/www/yii/index.php(26): CApplication->run()
#3 {main}
REQUEST_URI=/css/font-awesome.min.css
HTTP_REFERER=http://yii_cola/site/book
---
2014/09/04 14:29:42 [error] [exception.CHttpException.404] exception 'CHttpException' with message 'Unable to resolve the request "css/AdminLTE.css".' in /var/www/yii/framework/web/CWebApplication.php:286
Stack trace:
#0 /var/www/yii/framework/web/CWebApplication.php(141): CWebApplication->runController('css/AdminLTE.cs...')
#1 /var/www/yii/framework/base/CApplication.php(180): CWebApplication->processRequest()
#2 /var/www/yii/index.php(26): CApplication->run()
#3 {main}
REQUEST_URI=/css/AdminLTE.css
HTTP_REFERER=http://yii_cola/site/book
---
2014/09/04 14:29:42 [error] [exception.CHttpException.404] exception 'CHttpException' with message 'Unable to resolve the request "css/ionicons.min.css".' in /var/www/yii/framework/web/CWebApplication.php:286
Stack trace:
#0 /var/www/yii/framework/web/CWebApplication.php(141): CWebApplication->runController('css/ionicons.mi...')
#1 /var/www/yii/framework/base/CApplication.php(180): CWebApplication->processRequest()
#2 /var/www/yii/index.php(26): CApplication->run()
#3 {main}
REQUEST_URI=/css/ionicons.min.css
HTTP_REFERER=http://yii_cola/site/book
---
2014/09/04 14:29:42 [error] [exception.CHttpException.404] exception 'CHttpException' with message 'Unable to resolve the request "js/bootstrap.min.js".' in /var/www/yii/framework/web/CWebApplication.php:286
Stack trace:
#0 /var/www/yii/framework/web/CWebApplication.php(141): CWebApplication->runController('js/bootstrap.mi...')
#1 /var/www/yii/framework/base/CApplication.php(180): CWebApplication->processRequest()
#2 /var/www/yii/index.php(26): CApplication->run()
#3 {main}
REQUEST_URI=/js/bootstrap.min.js
HTTP_REFERER=http://yii_cola/site/book
---
2014/09/04 14:29:42 [error] [exception.CHttpException.404] exception 'CHttpException' with message 'Unable to resolve the request "js/AdminLTE/app.js".' in /var/www/yii/framework/web/CWebApplication.php:286
Stack trace:
#0 /var/www/yii/framework/web/CWebApplication.php(141): CWebApplication->runController('js/AdminLTE/app...')
#1 /var/www/yii/framework/base/CApplication.php(180): CWebApplication->processRequest()
#2 /var/www/yii/index.php(26): CApplication->run()
#3 {main}
REQUEST_URI=/js/AdminLTE/app.js
HTTP_REFERER=http://yii_cola/site/book
---
2014/09/04 14:29:42 [error] [exception.CHttpException.404] exception 'CHttpException' with message 'The system is unable to find the requested action "js".' in /var/www/yii/framework/web/CController.php:483
Stack trace:
#0 /var/www/yii/framework/web/CController.php(270): CController->missingAction('js')
#1 /var/www/yii/framework/web/CWebApplication.php(282): CController->run('js')
#2 /var/www/yii/framework/web/CWebApplication.php(141): CWebApplication->runController('site/js/AdminLT...')
#3 /var/www/yii/framework/base/CApplication.php(180): CWebApplication->processRequest()
#4 /var/www/yii/index.php(26): CApplication->run()
#5 {main}
REQUEST_URI=/site/js/AdminLTE/demo.js
HTTP_REFERER=http://yii_cola/site/book
---
2014/09/04 14:29:44 [error] [exception.CHttpException.404] exception 'CHttpException' with message 'Unable to resolve the request "js/bootstrap.min.js".' in /var/www/yii/framework/web/CWebApplication.php:286
Stack trace:
#0 /var/www/yii/framework/web/CWebApplication.php(141): CWebApplication->runController('js/bootstrap.mi...')
#1 /var/www/yii/framework/base/CApplication.php(180): CWebApplication->processRequest()
#2 /var/www/yii/index.php(26): CApplication->run()
#3 {main}
REQUEST_URI=/js/bootstrap.min.js
HTTP_REFERER=http://yii_cola/site/book
---
2014/09/04 14:29:44 [error] [exception.CHttpException.404] exception 'CHttpException' with message 'Unable to resolve the request "js/AdminLTE/app.js".' in /var/www/yii/framework/web/CWebApplication.php:286
Stack trace:
#0 /var/www/yii/framework/web/CWebApplication.php(141): CWebApplication->runController('js/AdminLTE/app...')
#1 /var/www/yii/framework/base/CApplication.php(180): CWebApplication->processRequest()
#2 /var/www/yii/index.php(26): CApplication->run()
#3 {main}
REQUEST_URI=/js/AdminLTE/app.js
HTTP_REFERER=http://yii_cola/site/book
---
2014/09/04 14:29:44 [error] [exception.CHttpException.404] exception 'CHttpException' with message 'The system is unable to find the requested action "js".' in /var/www/yii/framework/web/CController.php:483
Stack trace:
#0 /var/www/yii/framework/web/CController.php(270): CController->missingAction('js')
#1 /var/www/yii/framework/web/CWebApplication.php(282): CController->run('js')
#2 /var/www/yii/framework/web/CWebApplication.php(141): CWebApplication->runController('site/js/AdminLT...')
#3 /var/www/yii/framework/base/CApplication.php(180): CWebApplication->processRequest()
#4 /var/www/yii/index.php(26): CApplication->run()
#5 {main}
REQUEST_URI=/site/js/AdminLTE/demo.js
HTTP_REFERER=http://yii_cola/site/book
---
2014/09/04 14:43:31 [error] [exception.CHttpException.404] exception 'CHttpException' with message 'Unable to resolve the request "css/font-awesome.min.css".' in /var/www/yii/framework/web/CWebApplication.php:286
Stack trace:
#0 /var/www/yii/framework/web/CWebApplication.php(141): CWebApplication->runController('css/font-awesom...')
#1 /var/www/yii/framework/base/CApplication.php(180): CWebApplication->processRequest()
#2 /var/www/yii/index.php(26): CApplication->run()
#3 {main}
REQUEST_URI=/css/font-awesome.min.css
HTTP_REFERER=http://yii_cola/site/book
---
2014/09/04 14:43:31 [error] [exception.CHttpException.404] exception 'CHttpException' with message 'Unable to resolve the request "css/AdminLTE.css".' in /var/www/yii/framework/web/CWebApplication.php:286
Stack trace:
#0 /var/www/yii/framework/web/CWebApplication.php(141): CWebApplication->runController('css/AdminLTE.cs...')
#1 /var/www/yii/framework/base/CApplication.php(180): CWebApplication->processRequest()
#2 /var/www/yii/index.php(26): CApplication->run()
#3 {main}
REQUEST_URI=/css/AdminLTE.css
HTTP_REFERER=http://yii_cola/site/book
---
2014/09/04 14:43:31 [error] [exception.CHttpException.404] exception 'CHttpException' with message 'Unable to resolve the request "themes/default/js/bootstrap.min.js".' in /var/www/yii/framework/web/CWebApplication.php:286
Stack trace:
#0 /var/www/yii/framework/web/CWebApplication.php(141): CWebApplication->runController('themes/default/...')
#1 /var/www/yii/framework/base/CApplication.php(180): CWebApplication->processRequest()
#2 /var/www/yii/index.php(26): CApplication->run()
#3 {main}
REQUEST_URI=/themes/default/js/bootstrap.min.js
HTTP_REFERER=http://yii_cola/site/book
---
2014/09/04 14:43:31 [error] [exception.CHttpException.404] exception 'CHttpException' with message 'Unable to resolve the request "css/ionicons.min.css".' in /var/www/yii/framework/web/CWebApplication.php:286
Stack trace:
#0 /var/www/yii/framework/web/CWebApplication.php(141): CWebApplication->runController('css/ionicons.mi...')
#1 /var/www/yii/framework/base/CApplication.php(180): CWebApplication->processRequest()
#2 /var/www/yii/index.php(26): CApplication->run()
#3 {main}
REQUEST_URI=/css/ionicons.min.css
HTTP_REFERER=http://yii_cola/site/book
---
2014/09/04 14:43:31 [error] [exception.CHttpException.404] exception 'CHttpException' with message 'Unable to resolve the request "themes/default/js/AdminLTE/app.js".' in /var/www/yii/framework/web/CWebApplication.php:286
Stack trace:
#0 /var/www/yii/framework/web/CWebApplication.php(141): CWebApplication->runController('themes/default/...')
#1 /var/www/yii/framework/base/CApplication.php(180): CWebApplication->processRequest()
#2 /var/www/yii/index.php(26): CApplication->run()
#3 {main}
REQUEST_URI=/themes/default/js/AdminLTE/app.js
HTTP_REFERER=http://yii_cola/site/book
---
2014/09/04 14:43:31 [error] [exception.CHttpException.404] exception 'CHttpException' with message 'Unable to resolve the request "themes/default/js/AdminLTE/demo.js".' in /var/www/yii/framework/web/CWebApplication.php:286
Stack trace:
#0 /var/www/yii/framework/web/CWebApplication.php(141): CWebApplication->runController('themes/default/...')
#1 /var/www/yii/framework/base/CApplication.php(180): CWebApplication->processRequest()
#2 /var/www/yii/index.php(26): CApplication->run()
#3 {main}
REQUEST_URI=/themes/default/js/AdminLTE/demo.js
HTTP_REFERER=http://yii_cola/site/book
---
2014/09/04 14:43:31 [error] [exception.CHttpException.404] exception 'CHttpException' with message 'Unable to resolve the request "themes/default/js/bootstrap.min.js".' in /var/www/yii/framework/web/CWebApplication.php:286
Stack trace:
#0 /var/www/yii/framework/web/CWebApplication.php(141): CWebApplication->runController('themes/default/...')
#1 /var/www/yii/framework/base/CApplication.php(180): CWebApplication->processRequest()
#2 /var/www/yii/index.php(26): CApplication->run()
#3 {main}
REQUEST_URI=/themes/default/js/bootstrap.min.js
HTTP_REFERER=http://yii_cola/site/book
---
2014/09/04 14:43:31 [error] [exception.CHttpException.404] exception 'CHttpException' with message 'Unable to resolve the request "themes/default/js/AdminLTE/app.js".' in /var/www/yii/framework/web/CWebApplication.php:286
Stack trace:
#0 /var/www/yii/framework/web/CWebApplication.php(141): CWebApplication->runController('themes/default/...')
#1 /var/www/yii/framework/base/CApplication.php(180): CWebApplication->processRequest()
#2 /var/www/yii/index.php(26): CApplication->run()
#3 {main}
REQUEST_URI=/themes/default/js/AdminLTE/app.js
HTTP_REFERER=http://yii_cola/site/book
---
2014/09/04 14:43:31 [error] [exception.CHttpException.404] exception 'CHttpException' with message 'Unable to resolve the request "themes/default/js/AdminLTE/demo.js".' in /var/www/yii/framework/web/CWebApplication.php:286
Stack trace:
#0 /var/www/yii/framework/web/CWebApplication.php(141): CWebApplication->runController('themes/default/...')
#1 /var/www/yii/framework/base/CApplication.php(180): CWebApplication->processRequest()
#2 /var/www/yii/index.php(26): CApplication->run()
#3 {main}
REQUEST_URI=/themes/default/js/AdminLTE/demo.js
HTTP_REFERER=http://yii_cola/site/book
---
2014/09/04 14:44:40 [error] [exception.CHttpException.404] exception 'CHttpException' with message 'Unable to resolve the request "css/font-awesome.min.css".' in /var/www/yii/framework/web/CWebApplication.php:286
Stack trace:
#0 /var/www/yii/framework/web/CWebApplication.php(141): CWebApplication->runController('css/font-awesom...')
#1 /var/www/yii/framework/base/CApplication.php(180): CWebApplication->processRequest()
#2 /var/www/yii/index.php(26): CApplication->run()
#3 {main}
REQUEST_URI=/css/font-awesome.min.css
HTTP_REFERER=http://yii_cola/site/book
---
2014/09/04 14:44:40 [error] [exception.CHttpException.404] exception 'CHttpException' with message 'Unable to resolve the request "css/ionicons.min.css".' in /var/www/yii/framework/web/CWebApplication.php:286
Stack trace:
#0 /var/www/yii/framework/web/CWebApplication.php(141): CWebApplication->runController('css/ionicons.mi...')
#1 /var/www/yii/framework/base/CApplication.php(180): CWebApplication->processRequest()
#2 /var/www/yii/index.php(26): CApplication->run()
#3 {main}
REQUEST_URI=/css/ionicons.min.css
HTTP_REFERER=http://yii_cola/site/book
---
2014/09/04 14:44:40 [error] [exception.CHttpException.404] exception 'CHttpException' with message 'Unable to resolve the request "css/AdminLTE.css".' in /var/www/yii/framework/web/CWebApplication.php:286
Stack trace:
#0 /var/www/yii/framework/web/CWebApplication.php(141): CWebApplication->runController('css/AdminLTE.cs...')
#1 /var/www/yii/framework/base/CApplication.php(180): CWebApplication->processRequest()
#2 /var/www/yii/index.php(26): CApplication->run()
#3 {main}
REQUEST_URI=/css/AdminLTE.css
HTTP_REFERER=http://yii_cola/site/book
---
